2014/02/09 22:33:46 [trace] [system.CModule] Loading "log" application component
in /srv/photogallary/www/index.php (16)
2014/02/09 22:33:46 [trace] [system.CModule] Loading "urlManager" application component
in /srv/photogallary/protected/extensions/yii-debug-toolbar/YiiDebugToolbarRoute.php (113)
in /srv/photogallary/www/index.php (16)
2014/02/09 22:33:46 [trace] [system.CModule] Loading "request" application component
in /srv/photogallary/protected/extensions/yii-debug-toolbar/YiiDebugToolbarRoute.php (113)
in /srv/photogallary/www/index.php (16)
2014/02/09 22:33:46 [trace] [system.web.filters.CFilterChain] Running filter AlbumController.filteraccessControl()
in /srv/photogallary/www/index.php (16)
2014/02/09 22:33:46 [trace] [system.CModule] Loading "user" application component
in /srv/photogallary/www/index.php (16)
2014/02/09 22:33:46 [trace] [system.CModule] Loading "session" application component
in /srv/photogallary/www/index.php (16)
2014/02/09 22:33:46 [trace] [system.CModule] Loading "db" application component
in /srv/photogallary/protected/controllers/AlbumController.php (65)
in /srv/photogallary/www/index.php (16)
2014/02/09 22:33:46 [trace] [system.db.CDbConnection] Opening DB connection
in /srv/photogallary/protected/controllers/AlbumController.php (65)
in /srv/photogallary/www/index.php (16)
2014/02/09 22:33:46 [trace] [system.db.CDbCommand] Querying SQL: SHOW FULL COLUMNS FROM `tbl_album`
in /srv/photogallary/protected/controllers/AlbumController.php (65)
in /srv/photogallary/www/index.php (16)
2014/02/09 22:33:46 [trace] [system.db.CDbCommand] Querying SQL: SHOW CREATE TABLE `tbl_album`
in /srv/photogallary/protected/controllers/AlbumController.php (65)
in /srv/photogallary/www/index.php (16)
2014/02/09 22:33:46 [trace] [system.CModule] Loading "coreMessages" application component
in /srv/photogallary/protected/controllers/AlbumController.php (173)
in /srv/photogallary/protected/controllers/AlbumController.php (68)
in /srv/photogallary/www/index.php (16)
2014/02/09 22:33:47 [trace] [system.CModule] Loading "log" application component
in /srv/photogallary/www/index.php (16)
2014/02/09 22:33:47 [trace] [system.CModule] Loading "urlManager" application component
in /srv/photogallary/protected/extensions/yii-debug-toolbar/YiiDebugToolbarRoute.php (113)
in /srv/photogallary/www/index.php (16)
2014/02/09 22:33:47 [trace] [system.CModule] Loading "request" application component
in /srv/photogallary/protected/extensions/yii-debug-toolbar/YiiDebugToolbarRoute.php (113)
in /srv/photogallary/www/index.php (16)
2014/02/09 22:33:47 [trace] [system.web.filters.CFilterChain] Running filter AlbumController.filteraccessControl()
in /srv/photogallary/www/index.php (16)
2014/02/09 22:33:47 [trace] [system.CModule] Loading "user" application component
in /srv/photogallary/www/index.php (16)
2014/02/09 22:33:47 [trace] [system.CModule] Loading "session" application component
in /srv/photogallary/www/index.php (16)
2014/02/09 22:33:47 [trace] [system.CModule] Loading "db" application component
in /srv/photogallary/protected/controllers/AlbumController.php (65)
in /srv/photogallary/www/index.php (16)
2014/02/09 22:33:47 [trace] [system.db.CDbConnection] Opening DB connection
in /srv/photogallary/protected/controllers/AlbumController.php (65)
in /srv/photogallary/www/index.php (16)
2014/02/09 22:33:47 [trace] [system.db.CDbCommand] Querying SQL: SHOW FULL COLUMNS FROM `tbl_album`
in /srv/photogallary/protected/controllers/AlbumController.php (65)
in /srv/photogallary/www/index.php (16)
2014/02/09 22:33:47 [trace] [system.db.CDbCommand] Querying SQL: SHOW CREATE TABLE `tbl_album`
in /srv/photogallary/protected/controllers/AlbumController.php (65)
in /srv/photogallary/www/index.php (16)
2014/02/09 22:33:47 [trace] [system.CModule] Loading "coreMessages" application component
in /srv/photogallary/protected/controllers/AlbumController.php (173)
in /srv/photogallary/protected/controllers/AlbumController.php (68)
in /srv/photogallary/www/index.php (16)
2014/02/09 22:33:49 [trace] [system.CModule] Loading "log" application component
in /srv/photogallary/www/index.php (16)
2014/02/09 22:33:49 [trace] [system.CModule] Loading "urlManager" application component
in /srv/photogallary/protected/extensions/yii-debug-toolbar/YiiDebugToolbarRoute.php (113)
in /srv/photogallary/www/index.php (16)
2014/02/09 22:33:49 [trace] [system.CModule] Loading "request" application component
in /srv/photogallary/protected/extensions/yii-debug-toolbar/YiiDebugToolbarRoute.php (113)
in /srv/photogallary/www/index.php (16)
2014/02/09 22:33:49 [trace] [system.CModule] Loading "viewRenderer" application component
in /srv/photogallary/protected/extensions/yii-debug-toolbar/panels/YiiDebugToolbarPanelViews.php (36)
in /srv/photogallary/protected/extensions/yii-debug-toolbar/YiiDebugToolbar.php (171)
in /srv/photogallary/protected/extensions/yii-debug-toolbar/YiiDebugToolbar.php (105)
2014/02/09 22:33:49 [trace] [system.CModule] Loading "db" application component
in /srv/photogallary/protected/extensions/yii-debug-toolbar/panels/YiiDebugToolbarPanelSql.php (47)
in /srv/photogallary/protected/extensions/yii-debug-toolbar/YiiDebugToolbar.php (163)
in /srv/photogallary/protected/extensions/yii-debug-toolbar/YiiDebugToolbar.php (105)
2014/02/09 22:33:49 [trace] [system.db.CDbConnection] Opening DB connection
in /srv/photogallary/protected/extensions/yii-debug-toolbar/panels/YiiDebugToolbarPanelSql.php (47)
in /srv/photogallary/protected/extensions/yii-debug-toolbar/YiiDebugToolbar.php (163)
in /srv/photogallary/protected/extensions/yii-debug-toolbar/YiiDebugToolbar.php (105)
2014/02/09 22:33:49 [trace] [system.CModule] Loading "clientScript" application component
in /srv/photogallary/protected/extensions/yii-debug-toolbar/YiiDebugToolbar.php (126)
in /srv/photogallary/protected/extensions/yii-debug-toolbar/YiiDebugToolbar.php (106)
in /srv/photogallary/protected/extensions/yii-debug-toolbar/YiiDebugToolbarRoute.php (139)
2014/02/09 22:33:49 [trace] [system.CModule] Loading "assetManager" application component
in /srv/photogallary/protected/extensions/yii-debug-toolbar/YiiDebugToolbar.php (72)
in /srv/photogallary/protected/extensions/yii-debug-toolbar/YiiDebugToolbar.php (129)
in /srv/photogallary/protected/extensions/yii-debug-toolbar/YiiDebugToolbar.php (106)
2014/02/09 22:33:49 [trace] [system.web.filters.CFilterChain] Running filter AlbumController.filteraccessControl()
in /srv/photogallary/www/index.php (16)
2014/02/09 22:33:49 [trace] [system.CModule] Loading "user" application component
in /srv/photogallary/www/index.php (16)
2014/02/09 22:33:49 [trace] [system.CModule] Loading "session" application component
in /srv/photogallary/www/index.php (16)
2014/02/09 22:33:49 [trace] [system.db.CDbCommand] Querying SQL: SHOW FULL COLUMNS FROM `tbl_album`
in /srv/photogallary/protected/controllers/AlbumController.php (65)
in /srv/photogallary/www/index.php (16)
2014/02/09 22:33:49 [trace] [system.db.CDbCommand] Querying SQL: SHOW CREATE TABLE `tbl_album`
in /srv/photogallary/protected/controllers/AlbumController.php (65)
in /srv/photogallary/www/index.php (16)
2014/02/09 22:33:49 [trace] [system.db.ar.CActiveRecord] Album.insert()
in /srv/photogallary/protected/controllers/AlbumController.php (73)
in /srv/photogallary/www/index.php (16)
2014/02/09 22:33:49 [trace] [system.db.CDbCommand] Executing SQL: INSERT INTO `tbl_album` (`name`, `tags`, `description`, `owner_id`, `shareable`, `created_dt`) VALUES (:yp0, :yp1, :yp2, :yp3, :yp4, NOW()). Bound with :yp0='11111111111111111111111111111111111111', :yp1='fffff', :yp2='fffff', :yp3=NULL, :yp4=0
in /srv/photogallary/protected/controllers/AlbumController.php (73)
in /srv/photogallary/www/index.php (16)
2014/02/09 22:33:49 [trace] [system.CModule] Loading "log" application component
in /srv/photogallary/www/index.php (16)
2014/02/09 22:33:49 [trace] [system.CModule] Loading "urlManager" application component
in /srv/photogallary/protected/extensions/yii-debug-toolbar/YiiDebugToolbarRoute.php (113)
in /srv/photogallary/www/index.php (16)
2014/02/09 22:33:49 [trace] [system.CModule] Loading "request" application component
in /srv/photogallary/protected/extensions/yii-debug-toolbar/YiiDebugToolbarRoute.php (113)
in /srv/photogallary/www/index.php (16)
2014/02/09 22:33:49 [trace] [system.CModule] Loading "viewRenderer" application component
in /srv/photogallary/protected/extensions/yii-debug-toolbar/panels/YiiDebugToolbarPanelViews.php (36)
in /srv/photogallary/protected/extensions/yii-debug-toolbar/YiiDebugToolbar.php (171)
in /srv/photogallary/protected/extensions/yii-debug-toolbar/YiiDebugToolbar.php (105)
2014/02/09 22:33:49 [trace] [system.CModule] Loading "db" application component
in /srv/photogallary/protected/extensions/yii-debug-toolbar/panels/YiiDebugToolbarPanelSql.php (47)
in /srv/photogallary/protected/extensions/yii-debug-toolbar/YiiDebugToolbar.php (163)
in /srv/photogallary/protected/extensions/yii-debug-toolbar/YiiDebugToolbar.php (105)
2014/02/09 22:33:49 [trace] [system.db.CDbConnection] Opening DB connection
in /srv/photogallary/protected/extensions/yii-debug-toolbar/panels/YiiDebugToolbarPanelSql.php (47)
in /srv/photogallary/protected/extensions/yii-debug-toolbar/YiiDebugToolbar.php (163)
in /srv/photogallary/protected/extensions/yii-debug-toolbar/YiiDebugToolbar.php (105)
2014/02/09 22:33:49 [trace] [system.CModule] Loading "clientScript" application component
in /srv/photogallary/protected/extensions/yii-debug-toolbar/YiiDebugToolbar.php (126)
in /srv/photogallary/protected/extensions/yii-debug-toolbar/YiiDebugToolbar.php (106)
in /srv/photogallary/protected/extensions/yii-debug-toolbar/YiiDebugToolbarRoute.php (139)
2014/02/09 22:33:49 [trace] [system.CModule] Loading "assetManager" application component
in /srv/photogallary/protected/extensions/yii-debug-toolbar/YiiDebugToolbar.php (72)
in /srv/photogallary/protected/extensions/yii-debug-toolbar/YiiDebugToolbar.php (129)
in /srv/photogallary/protected/extensions/yii-debug-toolbar/YiiDebugToolbar.php (106)
2014/02/09 22:33:49 [trace] [system.web.filters.CFilterChain] Running filter AlbumController.filteraccessControl()
in /srv/photogallary/www/index.php (16)
2014/02/09 22:33:49 [trace] [system.CModule] Loading "user" application component
in /srv/photogallary/www/index.php (16)
2014/02/09 22:33:49 [trace] [system.CModule] Loading "session" application component
in /srv/photogallary/www/index.php (16)
2014/02/09 22:33:49 [trace] [system.db.ar.CActiveRecord] Album.findByPk()
in /srv/photogallary/protected/controllers/AlbumController.php (159)
in /srv/photogallary/protected/controllers/AlbumController.php (93)
in /srv/photogallary/www/index.php (16)
2014/02/09 22:33:49 [trace] [system.db.CDbCommand] Querying SQL: SHOW FULL COLUMNS FROM `tbl_album`
in /srv/photogallary/protected/controllers/AlbumController.php (159)
in /srv/photogallary/protected/controllers/AlbumController.php (93)
in /srv/photogallary/www/index.php (16)
2014/02/09 22:33:49 [trace] [system.db.CDbCommand] Querying SQL: SHOW CREATE TABLE `tbl_album`
in /srv/photogallary/protected/controllers/AlbumController.php (159)
in /srv/photogallary/protected/controllers/AlbumController.php (93)
in /srv/photogallary/www/index.php (16)
2014/02/09 22:33:49 [trace] [system.db.CDbCommand] Querying SQL: SELECT * FROM `tbl_album` `t` WHERE `t`.`id`=21 LIMIT 1
in /srv/photogallary/protected/controllers/AlbumController.php (159)
in /srv/photogallary/protected/controllers/AlbumController.php (93)
in /srv/photogallary/www/index.php (16)
2014/02/09 22:33:49 [trace] [system.CModule] Loading "themeManager" application component
in /srv/photogallary/protected/controllers/AlbumController.php (107)
in /srv/photogallary/www/index.php (16)
2014/02/09 22:33:49 [trace] [system.CModule] Loading "widgetFactory" application component
in /srv/photogallary/protected/views/album/_form.php (16)
in /srv/photogallary/protected/extensions/yii-debug-toolbar/YiiDebugViewRenderer.php (40)
in /srv/photogallary/protected/views/album/update.php (21)
2014/02/09 22:33:49 [trace] [system.CModule] Loading "coreMessages" application component
in /srv/photogallary/protected/views/album/_form.php (22)
in /srv/photogallary/protected/extensions/yii-debug-toolbar/YiiDebugViewRenderer.php (40)
in /srv/photogallary/protected/views/album/update.php (21)
2014/02/09 22:34:29 [trace] [system.CModule] Loading "log" application component
in /srv/photogallary/www/index.php (16)
2014/02/09 22:34:29 [trace] [system.CModule] Loading "urlManager" application component
in /srv/photogallary/protected/extensions/yii-debug-toolbar/YiiDebugToolbarRoute.php (113)
in /srv/photogallary/www/index.php (16)
2014/02/09 22:34:29 [trace] [system.CModule] Loading "request" application component
in /srv/photogallary/protected/extensions/yii-debug-toolbar/YiiDebugToolbarRoute.php (113)
in /srv/photogallary/www/index.php (16)
2014/02/09 22:34:29 [trace] [system.CModule] Loading "viewRenderer" application component
in /srv/photogallary/protected/extensions/yii-debug-toolbar/panels/YiiDebugToolbarPanelViews.php (36)
in /srv/photogallary/protected/extensions/yii-debug-toolbar/YiiDebugToolbar.php (171)
in /srv/photogallary/protected/extensions/yii-debug-toolbar/YiiDebugToolbar.php (105)
2014/02/09 22:34:29 [trace] [system.CModule] Loading "db" application component
in /srv/photogallary/protected/extensions/yii-debug-toolbar/panels/YiiDebugToolbarPanelSql.php (47)
in /srv/photogallary/protected/extensions/yii-debug-toolbar/YiiDebugToolbar.php (163)
in /srv/photogallary/protected/extensions/yii-debug-toolbar/YiiDebugToolbar.php (105)
2014/02/09 22:34:29 [trace] [system.db.CDbConnection] Opening DB connection
in /srv/photogallary/protected/extensions/yii-debug-toolbar/panels/YiiDebugToolbarPanelSql.php (47)
in /srv/photogallary/protected/extensions/yii-debug-toolbar/YiiDebugToolbar.php (163)
in /srv/photogallary/protected/extensions/yii-debug-toolbar/YiiDebugToolbar.php (105)
2014/02/09 22:34:29 [trace] [system.CModule] Loading "clientScript" application component
in /srv/photogallary/protected/extensions/yii-debug-toolbar/YiiDebugToolbar.php (126)
in /srv/photogallary/protected/extensions/yii-debug-toolbar/YiiDebugToolbar.php (106)
in /srv/photogallary/protected/extensions/yii-debug-toolbar/YiiDebugToolbarRoute.php (139)
2014/02/09 22:34:29 [trace] [system.CModule] Loading "assetManager" application component
in /srv/photogallary/protected/extensions/yii-debug-toolbar/YiiDebugToolbar.php (72)
in /srv/photogallary/protected/extensions/yii-debug-toolbar/YiiDebugToolbar.php (129)
in /srv/photogallary/protected/extensions/yii-debug-toolbar/YiiDebugToolbar.php (106)
2014/02/09 22:34:29 [trace] [system.web.filters.CFilterChain] Running filter AlbumController.filteraccessControl()
in /srv/photogallary/www/index.php (16)
2014/02/09 22:34:29 [trace] [system.CModule] Loading "user" application component
in /srv/photogallary/www/index.php (16)
2014/02/09 22:34:29 [trace] [system.CModule] Loading "session" application component
in /srv/photogallary/www/index.php (16)
2014/02/09 22:34:29 [trace] [system.db.CDbCommand] Querying SQL: SHOW FULL COLUMNS FROM `tbl_album`
in /srv/photogallary/protected/controllers/AlbumController.php (65)
in /srv/photogallary/www/index.php (16)
2014/02/09 22:34:29 [trace] [system.db.CDbCommand] Querying SQL: SHOW CREATE TABLE `tbl_album`
in /srv/photogallary/protected/controllers/AlbumController.php (65)
in /srv/photogallary/www/index.php (16)
2014/02/09 22:34:29 [trace] [system.CModule] Loading "themeManager" application component
in /srv/photogallary/protected/controllers/AlbumController.php (83)
in /srv/photogallary/www/index.php (16)
2014/02/09 22:34:29 [trace] [system.CModule] Loading "widgetFactory" application component
in /srv/photogallary/protected/views/album/_form.php (16)
in /srv/photogallary/protected/extensions/yii-debug-toolbar/YiiDebugViewRenderer.php (40)
in /srv/photogallary/protected/views/album/create.php (18)
2014/02/09 22:34:29 [trace] [system.CModule] Loading "coreMessages" application component
in /srv/photogallary/protected/views/album/_form.php (22)
in /srv/photogallary/protected/extensions/yii-debug-toolbar/YiiDebugViewRenderer.php (40)
in /srv/photogallary/protected/views/album/create.php (18)
2014/02/09 22:34:32 [trace] [system.CModule] Loading "log" application component
in /srv/photogallary/www/index.php (16)
2014/02/09 22:34:32 [trace] [system.CModule] Loading "urlManager" application component
in /srv/photogallary/protected/extensions/yii-debug-toolbar/YiiDebugToolbarRoute.php (113)
in /srv/photogallary/www/index.php (16)
2014/02/09 22:34:32 [trace] [system.CModule] Loading "request" application component
in /srv/photogallary/protected/extensions/yii-debug-toolbar/YiiDebugToolbarRoute.php (113)
in /srv/photogallary/www/index.php (16)
2014/02/09 22:34:32 [trace] [system.web.filters.CFilterChain] Running filter AlbumController.filteraccessControl()
in /srv/photogallary/www/index.php (16)
2014/02/09 22:34:32 [trace] [system.CModule] Loading "user" application component
in /srv/photogallary/www/index.php (16)
2014/02/09 22:34:32 [trace] [system.CModule] Loading "session" application component
in /srv/photogallary/www/index.php (16)
2014/02/09 22:34:32 [trace] [system.CModule] Loading "db" application component
in /srv/photogallary/protected/controllers/AlbumController.php (65)
in /srv/photogallary/www/index.php (16)
2014/02/09 22:34:32 [trace] [system.db.CDbConnection] Opening DB connection
in /srv/photogallary/protected/controllers/AlbumController.php (65)
in /srv/photogallary/www/index.php (16)
2014/02/09 22:34:32 [trace] [system.db.CDbCommand] Querying SQL: SHOW FULL COLUMNS FROM `tbl_album`
in /srv/photogallary/protected/controllers/AlbumController.php (65)
in /srv/photogallary/www/index.php (16)
2014/02/09 22:34:32 [trace] [system.db.CDbCommand] Querying SQL: SHOW CREATE TABLE `tbl_album`
in /srv/photogallary/protected/controllers/AlbumController.php (65)
in /srv/photogallary/www/index.php (16)
2014/02/09 22:34:32 [trace] [system.CModule] Loading "coreMessages" application component
in /srv/photogallary/protected/controllers/AlbumController.php (173)
in /srv/photogallary/protected/controllers/AlbumController.php (68)
in /srv/photogallary/www/index.php (16)
2014/02/09 22:34:33 [trace] [system.CModule] Loading "log" application component
in /srv/photogallary/www/index.php (16)
2014/02/09 22:34:33 [trace] [system.CModule] Loading "urlManager" application component
in /srv/photogallary/protected/extensions/yii-debug-toolbar/YiiDebugToolbarRoute.php (113)
in /srv/photogallary/www/index.php (16)
2014/02/09 22:34:33 [trace] [system.CModule] Loading "request" application component
in /srv/photogallary/protected/extensions/yii-debug-toolbar/YiiDebugToolbarRoute.php (113)
in /srv/photogallary/www/index.php (16)
2014/02/09 22:34:33 [trace] [system.web.filters.CFilterChain] Running filter AlbumController.filteraccessControl()
in /srv/photogallary/www/index.php (16)
2014/02/09 22:34:33 [trace] [system.CModule] Loading "user" application component
in /srv/photogallary/www/index.php (16)
2014/02/09 22:34:33 [trace] [system.CModule] Loading "session" application component
in /srv/photogallary/www/index.php (16)
2014/02/09 22:34:33 [trace] [system.CModule] Loading "db" application component
in /srv/photogallary/protected/controllers/AlbumController.php (65)
in /srv/photogallary/www/index.php (16)
2014/02/09 22:34:33 [trace] [system.db.CDbConnection] Opening DB connection
in /srv/photogallary/protected/controllers/AlbumController.php (65)
in /srv/photogallary/www/index.php (16)
2014/02/09 22:34:33 [trace] [system.db.CDbCommand] Querying SQL: SHOW FULL COLUMNS FROM `tbl_album`
in /srv/photogallary/protected/controllers/AlbumController.php (65)
in /srv/photogallary/www/index.php (16)
2014/02/09 22:34:33 [trace] [system.db.CDbCommand] Querying SQL: SHOW CREATE TABLE `tbl_album`
in /srv/photogallary/protected/controllers/AlbumController.php (65)
in /srv/photogallary/www/index.php (16)
2014/02/09 22:34:33 [trace] [system.CModule] Loading "coreMessages" application component
in /srv/photogallary/protected/controllers/AlbumController.php (173)
in /srv/photogallary/protected/controllers/AlbumController.php (68)
in /srv/photogallary/www/index.php (16)
2014/02/09 22:34:39 [trace] [system.CModule] Loading "log" application component
in /srv/photogallary/www/index.php (16)
2014/02/09 22:34:39 [trace] [system.CModule] Loading "urlManager" application component
in /srv/photogallary/protected/extensions/yii-debug-toolbar/YiiDebugToolbarRoute.php (113)
in /srv/photogallary/www/index.php (16)
2014/02/09 22:34:39 [trace] [system.CModule] Loading "request" application component
in /srv/photogallary/protected/extensions/yii-debug-toolbar/YiiDebugToolbarRoute.php (113)
in /srv/photogallary/www/index.php (16)
2014/02/09 22:34:39 [trace] [system.web.filters.CFilterChain] Running filter AlbumController.filteraccessControl()
in /srv/photogallary/www/index.php (16)
2014/02/09 22:34:39 [trace] [system.CModule] Loading "user" application component
in /srv/photogallary/www/index.php (16)
2014/02/09 22:34:39 [trace] [system.CModule] Loading "session" application component
in /srv/photogallary/www/index.php (16)
2014/02/09 22:34:39 [trace] [system.CModule] Loading "db" application component
in /srv/photogallary/protected/controllers/AlbumController.php (65)
in /srv/photogallary/www/index.php (16)
2014/02/09 22:34:39 [trace] [system.db.CDbConnection] Opening DB connection
in /srv/photogallary/protected/controllers/AlbumController.php (65)
in /srv/photogallary/www/index.php (16)
2014/02/09 22:34:39 [trace] [system.db.CDbCommand] Querying SQL: SHOW FULL COLUMNS FROM `tbl_album`
in /srv/photogallary/protected/controllers/AlbumController.php (65)
in /srv/photogallary/www/index.php (16)
2014/02/09 22:34:39 [trace] [system.db.CDbCommand] Querying SQL: SHOW CREATE TABLE `tbl_album`
in /srv/photogallary/protected/controllers/AlbumController.php (65)
in /srv/photogallary/www/index.php (16)
2014/02/09 22:34:45 [trace] [system.CModule] Loading "log" application component
in /srv/photogallary/www/index.php (16)
2014/02/09 22:34:45 [trace] [system.CModule] Loading "urlManager" application component
in /srv/photogallary/protected/extensions/yii-debug-toolbar/YiiDebugToolbarRoute.php (113)
in /srv/photogallary/www/index.php (16)
2014/02/09 22:34:45 [trace] [system.CModule] Loading "request" application component
in /srv/photogallary/protected/extensions/yii-debug-toolbar/YiiDebugToolbarRoute.php (113)
in /srv/photogallary/www/index.php (16)
2014/02/09 22:34:45 [trace] [system.CModule] Loading "viewRenderer" application component
in /srv/photogallary/protected/extensions/yii-debug-toolbar/panels/YiiDebugToolbarPanelViews.php (36)
in /srv/photogallary/protected/extensions/yii-debug-toolbar/YiiDebugToolbar.php (171)
in /srv/photogallary/protected/extensions/yii-debug-toolbar/YiiDebugToolbar.php (105)
2014/02/09 22:34:45 [trace] [system.CModule] Loading "db" application component
in /srv/photogallary/protected/extensions/yii-debug-toolbar/panels/YiiDebugToolbarPanelSql.php (47)
in /srv/photogallary/protected/extensions/yii-debug-toolbar/YiiDebugToolbar.php (163)
in /srv/photogallary/protected/extensions/yii-debug-toolbar/YiiDebugToolbar.php (105)
2014/02/09 22:34:45 [trace] [system.db.CDbConnection] Opening DB connection
in /srv/photogallary/protected/extensions/yii-debug-toolbar/panels/YiiDebugToolbarPanelSql.php (47)
in /srv/photogallary/protected/extensions/yii-debug-toolbar/YiiDebugToolbar.php (163)
in /srv/photogallary/protected/extensions/yii-debug-toolbar/YiiDebugToolbar.php (105)
2014/02/09 22:34:45 [trace] [system.CModule] Loading "clientScript" application component
in /srv/photogallary/protected/extensions/yii-debug-toolbar/YiiDebugToolbar.php (126)
in /srv/photogallary/protected/extensions/yii-debug-toolbar/YiiDebugToolbar.php (106)
in /srv/photogallary/protected/extensions/yii-debug-toolbar/YiiDebugToolbarRoute.php (139)
2014/02/09 22:34:45 [trace] [system.CModule] Loading "assetManager" application component
in /srv/photogallary/protected/extensions/yii-debug-toolbar/YiiDebugToolbar.php (72)
in /srv/photogallary/protected/extensions/yii-debug-toolbar/YiiDebugToolbar.php (129)
in /srv/photogallary/protected/extensions/yii-debug-toolbar/YiiDebugToolbar.php (106)
2014/02/09 22:34:45 [trace] [system.web.filters.CFilterChain] Running filter AlbumController.filteraccessControl()
in /srv/photogallary/www/index.php (16)
2014/02/09 22:34:45 [trace] [system.CModule] Loading "user" application component
in /srv/photogallary/www/index.php (16)
2014/02/09 22:34:45 [trace] [system.CModule] Loading "session" application component
in /srv/photogallary/www/index.php (16)
2014/02/09 22:34:45 [trace] [system.db.CDbCommand] Querying SQL: SHOW FULL COLUMNS FROM `tbl_album`
in /srv/photogallary/protected/controllers/AlbumController.php (65)
in /srv/photogallary/www/index.php (16)
2014/02/09 22:34:45 [trace] [system.db.CDbCommand] Querying SQL: SHOW CREATE TABLE `tbl_album`
in /srv/photogallary/protected/controllers/AlbumController.php (65)
in /srv/photogallary/www/index.php (16)
2014/02/09 22:34:45 [trace] [system.db.ar.CActiveRecord] Album.insert()
in /srv/photogallary/protected/controllers/AlbumController.php (73)
in /srv/photogallary/www/index.php (16)
2014/02/09 22:34:45 [trace] [system.db.CDbCommand] Executing SQL: INSERT INTO `tbl_album` (`name`, `tags`, `description`, `owner_id`, `shareable`, `created_dt`) VALUES (:yp0, :yp1, :yp2, :yp3, :yp4, NOW()). Bound with :yp0='11111111111111111111111111111111111111', :yp1='11111111', :yp2='dfddd', :yp3=NULL, :yp4=0
in /srv/photogallary/protected/controllers/AlbumController.php (73)
in /srv/photogallary/www/index.php (16)
2014/02/09 22:34:45 [trace] [system.CModule] Loading "log" application component
in /srv/photogallary/www/index.php (16)
2014/02/09 22:34:45 [trace] [system.CModule] Loading "urlManager" application component
in /srv/photogallary/protected/extensions/yii-debug-toolbar/YiiDebugToolbarRoute.php (113)
in /srv/photogallary/www/index.php (16)
2014/02/09 22:34:45 [trace] [system.CModule] Loading "request" application component
in /srv/photogallary/protected/extensions/yii-debug-toolbar/YiiDebugToolbarRoute.php (113)
in /srv/photogallary/www/index.php (16)
2014/02/09 22:34:45 [trace] [system.CModule] Loading "viewRenderer" application component
in /srv/photogallary/protected/extensions/yii-debug-toolbar/panels/YiiDebugToolbarPanelViews.php (36)
in /srv/photogallary/protected/extensions/yii-debug-toolbar/YiiDebugToolbar.php (171)
in /srv/photogallary/protected/extensions/yii-debug-toolbar/YiiDebugToolbar.php (105)
2014/02/09 22:34:45 [trace] [system.CModule] Loading "db" application component
in /srv/photogallary/protected/extensions/yii-debug-toolbar/panels/YiiDebugToolbarPanelSql.php (47)
in /srv/photogallary/protected/extensions/yii-debug-toolbar/YiiDebugToolbar.php (163)
in /srv/photogallary/protected/extensions/yii-debug-toolbar/YiiDebugToolbar.php (105)
2014/02/09 22:34:45 [trace] [system.db.CDbConnection] Opening DB connection
in /srv/photogallary/protected/extensions/yii-debug-toolbar/panels/YiiDebugToolbarPanelSql.php (47)
in /srv/photogallary/protected/extensions/yii-debug-toolbar/YiiDebugToolbar.php (163)
in /srv/photogallary/protected/extensions/yii-debug-toolbar/YiiDebugToolbar.php (105)
2014/02/09 22:34:45 [trace] [system.CModule] Loading "clientScript" application component
in /srv/photogallary/protected/extensions/yii-debug-toolbar/YiiDebugToolbar.php (126)
in /srv/photogallary/protected/extensions/yii-debug-toolbar/YiiDebugToolbar.php (106)
in /srv/photogallary/protected/extensions/yii-debug-toolbar/YiiDebugToolbarRoute.php (139)
2014/02/09 22:34:45 [trace] [system.CModule] Loading "assetManager" application component
in /srv/photogallary/protected/extensions/yii-debug-toolbar/YiiDebugToolbar.php (72)
in /srv/photogallary/protected/extensions/yii-debug-toolbar/YiiDebugToolbar.php (129)
in /srv/photogallary/protected/extensions/yii-debug-toolbar/YiiDebugToolbar.php (106)
2014/02/09 22:34:45 [trace] [system.web.filters.CFilterChain] Running filter AlbumController.filteraccessControl()
in /srv/photogallary/www/index.php (16)
2014/02/09 22:34:45 [trace] [system.CModule] Loading "user" application component
in /srv/photogallary/www/index.php (16)
2014/02/09 22:34:45 [trace] [system.CModule] Loading "session" application component
in /srv/photogallary/www/index.php (16)
2014/02/09 22:34:45 [trace] [system.db.ar.CActiveRecord] Album.findByPk()
in /srv/photogallary/protected/controllers/AlbumController.php (159)
in /srv/photogallary/protected/controllers/AlbumController.php (93)
in /srv/photogallary/www/index.php (16)
2014/02/09 22:34:45 [trace] [system.db.CDbCommand] Querying SQL: SHOW FULL COLUMNS FROM `tbl_album`
in /srv/photogallary/protected/controllers/AlbumController.php (159)
in /srv/photogallary/protected/controllers/AlbumController.php (93)
in /srv/photogallary/www/index.php (16)
2014/02/09 22:34:45 [trace] [system.db.CDbCommand] Querying SQL: SHOW CREATE TABLE `tbl_album`
in /srv/photogallary/protected/controllers/AlbumController.php (159)
in /srv/photogallary/protected/controllers/AlbumController.php (93)
in /srv/photogallary/www/index.php (16)
2014/02/09 22:34:45 [trace] [system.db.CDbCommand] Querying SQL: SELECT * FROM `tbl_album` `t` WHERE `t`.`id`=22 LIMIT 1
in /srv/photogallary/protected/controllers/AlbumController.php (159)
in /srv/photogallary/protected/controllers/AlbumController.php (93)
in /srv/photogallary/www/index.php (16)
2014/02/09 22:34:45 [trace] [system.CModule] Loading "themeManager" application component
in /srv/photogallary/protected/controllers/AlbumController.php (107)
in /srv/photogallary/www/index.php (16)
2014/02/09 22:34:45 [trace] [system.CModule] Loading "widgetFactory" application component
in /srv/photogallary/protected/views/album/_form.php (16)
in /srv/photogallary/protected/extensions/yii-debug-toolbar/YiiDebugViewRenderer.php (40)
in /srv/photogallary/protected/views/album/update.php (21)
2014/02/09 22:34:45 [trace] [system.CModule] Loading "coreMessages" application component
in /srv/photogallary/protected/views/album/_form.php (22)
in /srv/photogallary/protected/extensions/yii-debug-toolbar/YiiDebugViewRenderer.php (40)
in /srv/photogallary/protected/views/album/update.php (21)
